мая 04, 2022 4:30:32 PM advanced.java.ua.univer.practice6.startegy.cards.CardDealingStrategyImpl.TexasStrategy dealStacks
INFO:  Game start with deck:{Player 3=[49, 46], Remaining=[40, 39, 38, 37, 36, 35, 34, 33, 32, 31, 30, 29, 28, 27, 26, 25, 24, 23, 22, 21, 20, 19, 18, 17, 16, 15, 14, 13, 12, 11, 10, 9, 8, 7, 6, 5, 4, 3, 2, 1, 0], Community=[45, 44, 43, 42, 41], Player 2=[50, 47], Player 1=[51, 48]}
мая 04, 2022 4:30:32 PM advanced.java.ua.univer.practice6.startegy.cards.CardDealingStrategyImpl.TexasStrategy dealStacks
INFO:  Game start with deck:{Player 4=[48, 44], Player 3=[49, 45], Remaining=[38, 37, 36, 35, 34, 33, 32, 31, 30, 29, 28, 27, 26, 25, 24, 23, 22, 21, 20, 19, 18, 17, 16, 15, 14, 13, 12, 11, 10, 9, 8, 7, 6, 5, 4, 3, 2, 1, 0], Community=[43, 42, 41, 40, 39], Player 2=[50, 46], Player 1=[51, 47]}
мая 04, 2022 4:30:32 PM advanced.java.ua.univer.practice6.startegy.cards.CardDealingStrategyImpl.TexasStrategy dealStacks
INFO:  Game start with deck:{Player 4=[32, 27], Player 3=[33, 28], Player 5=[31, 26], Remaining=[20, 19, 18, 17, 16, 15, 14, 13, 12, 11, 10, 9, 8, 7, 6, 5, 4, 3, 2, 1, 0], Community=[25, 24, 23, 22, 21], Player 2=[34, 29], Player 1=[35, 30]}
мая 04, 2022 4:30:32 PM advanced.java.ua.univer.practice6.startegy.cards.CardDealingStrategyImpl.FoolStrategy dealStacks
INFO:  Game start with deck:{Trump card=[33], Player 3=[49, 46, 43, 40, 37, 34], Remaining=[32, 31, 30, 29, 28, 27, 26, 25, 24, 23, 22, 21, 20, 19, 18, 17, 16, 15, 14, 13, 12, 11, 10, 9, 8, 7, 6, 5, 4, 3, 2, 1, 0], Player 2=[50, 47, 44, 41, 38, 35], Player 1=[51, 48, 45, 42, 39, 36]}
мая 04, 2022 4:30:32 PM advanced.java.ua.univer.practice6.startegy.cards.CardDealingStrategyImpl.FoolStrategy dealStacks
INFO:  Game start with deck:{Trump card=[27], Player 4=[48, 44, 40, 36, 32, 28], Player 3=[49, 45, 41, 37, 33, 29], Remaining=[26, 25, 24, 23, 22, 21, 20, 19, 18, 17, 16, 15, 14, 13, 12, 11, 10, 9, 8, 7, 6, 5, 4, 3, 2, 1, 0], Player 2=[50, 46, 42, 38, 34, 30], Player 1=[51, 47, 43, 39, 35, 31]}
мая 04, 2022 4:30:32 PM advanced.java.ua.univer.practice6.startegy.cards.CardDealingStrategyImpl.FoolStrategy dealStacks
INFO:  Game start with deck:{Trump card=[5], Player 4=[32, 27, 22, 17, 12, 7], Player 3=[33, 28, 23, 18, 13, 8], Player 5=[31, 26, 21, 16, 11, 6], Remaining=[4, 3, 2, 1, 0], Player 2=[34, 29, 24, 19, 14, 9], Player 1=[35, 30, 25, 20, 15, 10]}
мая 04, 2022 4:30:32 PM advanced.java.ua.univer.practice6.startegy.cards.CardDealingStrategyImpl.FoolStrategy dealStacks
INFO:  Game start with deck:{Trump card=[17], Player 3=[33, 30, 27, 24, 21, 18], Remaining=[16, 15, 14, 13, 12, 11, 10, 9, 8, 7, 6, 5, 4, 3, 2, 1, 0], Player 2=[34, 31, 28, 25, 22, 19], Player 1=[35, 32, 29, 26, 23, 20]}
мая 04, 2022 4:30:32 PM advanced.java.ua.univer.practice6.startegy.cards.CardDealingStrategyImpl.ClassicPokerStrategy dealStacks
INFO:  Game start with deck:{Player 3=[49, 46, 43, 40, 37], Remaining=[36, 35, 34, 33, 32, 31, 30, 29, 28, 27, 26, 25, 24, 23, 22, 21, 20, 19, 18, 17, 16, 15, 14, 13, 12, 11, 10, 9, 8, 7, 6, 5, 4, 3, 2, 1, 0], Player 2=[50, 47, 44, 41, 38], Player 1=[51, 48, 45, 42, 39]}
мая 04, 2022 4:30:32 PM advanced.java.ua.univer.practice6.startegy.cards.CardDealingStrategyImpl.ClassicPokerStrategy dealStacks
INFO:  Game start with deck:{Player 4=[48, 44, 40, 36, 32], Player 3=[49, 45, 41, 37, 33], Remaining=[31, 30, 29, 28, 27, 26, 25, 24, 23, 22, 21, 20, 19, 18, 17, 16, 15, 14, 13, 12, 11, 10, 9, 8, 7, 6, 5, 4, 3, 2, 1, 0], Player 2=[50, 46, 42, 38, 34], Player 1=[51, 47, 43, 39, 35]}
мая 04, 2022 4:30:32 PM advanced.java.ua.univer.practice6.startegy.cards.CardDealingStrategyImpl.ClassicPokerStrategy dealStacks
INFO:  Game start with deck:{Player 4=[32, 27, 22, 17, 12], Player 3=[33, 28, 23, 18, 13], Player 5=[31, 26, 21, 16, 11], Remaining=[10, 9, 8, 7, 6, 5, 4, 3, 2, 1, 0], Player 2=[34, 29, 24, 19, 14], Player 1=[35, 30, 25, 20, 15]}
мая 04, 2022 4:30:32 PM advanced.java.ua.univer.practice6.startegy.cards.CardDealingStrategyImpl.BridgeStrategy dealStacks
INFO:  Game start with deck:{Player 4=[48, 44, 40, 36, 32, 28, 24, 20, 16, 12, 8, 4, 0], Player 3=[49, 45, 41, 37, 33, 29, 25, 21, 17, 13, 9, 5, 1], Player 2=[50, 46, 42, 38, 34, 30, 26, 22, 18, 14, 10, 6, 2], Player 1=[51, 47, 43, 39, 35, 31, 27, 23, 19, 15, 11, 7, 3]}
